New client connectedCAP LS 302
PASS 0000
NICK ebelfkih
USER ebelfkih 0 * :realname
JOIN #mehdi souhaila
MODE #mehdi
New client connectedpass 0000
nick mehdi
user ddd ddd dd dd
join #mehdi souhaila
mode #xnxx
mode #mehdi
New client connectedpass mehdi
nick user 
pass 0000
nick mehdi
user dd dd dd dd
join #xnxx mia
mode #xnxx
mode #xnxx -k
mode #xnxx
New client connectedpass 0000
nick mehdi
user dd dd dd dd
join #xnxx mia
mode 
New client connectedCAP LS 302
PASS 0000
NICK ebelfkih
USER ebelfkih 0 * :realname
JOIN #xnxx
JOIN #xnxx mia
MODE #xnxx
WHO #xnxx
MODE #xnxx 
KICK #xnxx bye
PRIVMSG ebelfkih :hi
PRIVMSG mehdi :hi
privmsg ebelfkih slm
PRIVMSG mehdi :PING 1727652005655
New client connectedCAP LS 302
PASS 0000
NICK ebelfkih
USER ebelfkih 0 * :realname
JOIN #mehdi belfkih
MODE #mehdi
WHO #mehdi
MODE #mehdi 
MODE #mehdi +l 
MODE #mehdi +l 10
MODE #mehdi +l 10
New client connectedkd
pass 0000
nick mehdi
user d d d d 
join mehdi
join #mehdi
/join #mehdi belfkih
[A
join #mehdi belfkih
MODE #mehdi +o mehdi
MODE #mehdi +o mehdi
New client connectedCAP LS 302
PASS 0000
NICK ebelfkih
USER ebelfkih 0 * :realname
New client connectedpass 0000
nick mehdi
user e e e e
join #mehdi belfkih
mode 
mode #mehdi
mode #mehdi +t
mode #mehdi kk
JOIN mehdi
JOIN #mehdi
JOIN #mehdi belfkih
MODE #mehdi
WHO #mehdi
PRIVMSG #mehdi :mode
MODE #mehdi 
mode #mehdi
mode #mehdi +l 33
New client connectedpass 0000
nick mehdi
user f f f ff
join #mehdi belfkih
mode #xnxx +i
mode #xnxx
mode #mehdi
New client connectedpass 0000
nick mehdi
user dd d d d
join #xnxx mia
mode #xnxx
mode #xnxx +t
New client connectedpass 000
pass 0000
nick mehdi
user ff ff ff ff
join #xnxx mia
mode #xnxx +t
New client connectedpass 0000
nick mehdi
user dd dd dd dd
join #xnxx mia
New client connectedpass 0000
nick mehdi
user bb bb bbb bbb 
join #xnxx mia
mode #xnxx +t
New client connectedpass 000
nick mehdi
user f f f f 
pass 0000
nick mehdi
user f f f f 
join #xnxx mia
mode #xnxx +t
mode #xnxx +t
New client connectedpass 0000
nick mehdi
user d d d d
join #xnxx mia
mode #xnxx +t
mode #xnxx +t
mode #xnxx +t
New client connectedNew client connectedpass 0000
nick mehdi
user dd dd d d 
join #xnxx mia 
mode #xnxx
mode #xnxx +t
New client connectedpass 0000
nick mehdi
user d d d d 
join#
join #xnxx mia
mode #xnxx +t
mode #xnxx
New client connectedCAP LS 302
PASS 0000
NICK ebelfkih
USER ebelfkih 0 * :realname
JOIN #xnxx
JOIN #xnxx mia
MODE #xnxx
WHO #xnxx
MODE #xnxx 
MODE #xnxx 
mode #xnxx +o ebelfkih
mode #xnxx +o ebelfkih
New client connectedpass 0000
New client connectedCAP LS 302
PASS 0000
NICK ebelfkih
USER ebelfkih 0 * :realname
nick mehdi
user e d d d
join #xnxx mia
mode #xnxx
JOIN #xnxx
JOIN #xnxx mia
MODE #xnxx
WHO #xnxx
MODE #xnxx 
mode #xnxx +t
mode #xnxx +t
MODE #xnxx 
New client connectedCAP LS 302
PASS 0000
NICK ebelfkih
USER ebelfkih 0 * :realname
New client connectedpass 0000
nick mehdi
user d d d d
join #xnxx 
mode #xnxx +t
New client connectedCAP LS 302
PASS 0000
NICK ebelfkih
USER ebelfkih 0 * :realname
New client connectedpass 0000
nick mehdi
user d d d d 
join #xnxx mia
mode
mode #xnxx
JOIN #xnxx mia
MODE #xnxx
WHO #xnxx
mode #xnxx +/mode #xnxx +t
MODE #xnxx 
New client connectedpass 0000
New client connectedCAP LS 302
PASS 0000
NICK ebelfkih
USER ebelfkih 0 * :realname
nick mehdi
user dd dd dd d
join #xnxx mia
mode #xnxx +t
mode #xnxx
New client connectedpass 0000
New client connectedCAP LS 302
PASS 0000
NICK ebelfkih
USER ebelfkih 0 * :realname
nick mehdi
user ff fff ff ff
join #xnxx mia
mode #xnxx
mode #xnxx +t
mode #xnxx +o ebelfkih
New client connectedCAP LS 302
PASS 0000
NICK ebelfkih
USER ebelfkih 0 * :realname
New client connectedpass 0000
nick mehdi
user dd dd dd dd
join #xnxx mia
mode #xnxx +t
New client connectedNew client connectedCAP LS 302
PASS 0000
NICK ebelfkih
USER ebelfkih 0 * :realname
pass 0000
nick mehdi
user d d d d 
join #xnxx mia
New client connectedCAP LS 302
PASS 0000
NICK ebelfkih
USER ebelfkih 0 * :realname
New client connectedpass 0000
nick mehd
user d d d d
join #xnxx mia
mode #xnxx
mode #xnxx +t
mode #xnxx
mode #xnxx +o ebek
New client connectedCAP LS 302
PASS 0000
NICK ebelfkih
USER ebelfkih 0 * :realname
New client connectedpass 0000
nick mehdi
user dd dd dd d
join #xnxx mia 
mode #xnxx
mode #xnxx +t
New client connectedCAP LS 302
PASS 0000
NICK ebelfkih
USER ebelfkih 0 * :realname
New client connectedpass 0000
nick mehdi
user dd d dd d 
join #xnxx mia
mode #xnxx
mode #xnxx +t
New client connectedNew client connectedCAP LS 302
PASS 0000
NICK ebelfkih
USER ebelfkih 0 * :realname
pass 0000
nick mehdi
user d dd d d
join #xnxx mia 
mode
mode #xnxx
mode #xnxx +t
New client connectedNew client connectedCAP LS 302
PASS 0000
NICK ebelfkih
USER ebelfkih 0 * :realname
pass 0000
nick mehdi
user e df fd fd
join #xnxx mia
mode #xnxx
mode #xnxx +t
New client connectedNew client connectedCAP LS 302
PASS 0000
NICK ebelfkih
USER ebelfkih 0 * :realname
pass 0000
nick mehdi
user dd dd dd dd
join #xnxx mia 
mode #xnxx +t
New client connectedCAP LS 302
PASS 0000
NICK ebelfkih
USER ebelfkih 0 * :realname
New client connectedpass 0000
user mehdi
nick mehdi
user dd dd dd dd
join #xnxx mia
mode #xnxx +t
New client connectedpass 0000
New client connectedCAP LS 302
PASS 0000
NICK ebelfkih
USER ebelfkih 0 * :realname
nick mehdi
user dd dd dd dd
join #xnxx mia
mode #xnxx +t
New client connectedCAP LS 302
PASS 0000
NICK ebelfkih
USER ebelfkih 0 * :realname
New client connectedpass 0000
nick mehdi 
user df k jd l
join #xnxx mia
mode #xnxx
mode #xnxx +t
New client connectedNew client connectedCAP LS 302
PASS 0000
NICK ebelfkih
USER ebelfkih 0 * :realname
pass 0000
nick mehdi
user dd ddd dd dd
join #xnxx mia
mode #xnxx +t
New client connectedCAP LS 302
PASS 0000
NICK ebelfkih
USER ebelfkih 0 * :realname
New client connectedpass mehdi
pass 0000
nick mehdi
user d d d d
join #xnxx mia
mode #xnxx +t
New client connectedNew client connectedCAP LS 302
PASS 0000
NICK ebelfkih
USER ebelfkih 0 * :realname
pass 0000
nick mehdi
user d dd dd dd
join #xnxx mia
mode #xnxx +t
New client connectedNew client connectedCAP LS 302
PASS 0000
NICK ebelfkih
USER ebelfkih 0 * :realname
pass 0000
nick mehdi
user j jk l l
join #xnxx mia +t
join #xnxx mia
mode #xnxx +t
New client connectedpass 0000
New client connectedCAP LS 302
PASS 0000
NICK ebelfkih
USER ebelfkih 0 * :realname
nick mehdi
user s d f g 
join #xnxx mia
mode #xnxx +t
New client connectedCAP LS 302
PASS 0000
NICK ebelfkih
USER ebelfkih 0 * :realname
New client connectedpass 0000
nick mehdi
user dd dd dd d
join #xnxx mia
mode #xnxx +t
New client connectedpass 0000
New client connectedCAP LS 302
PASS 0000
NICK ebelfkih
USER ebelfkih 0 * :realname
nick mehdi
user d d d d
join #xnxx mia
JOIN #xnxx
JOIN #xnxx mia
MODE #xnxx
WHO #xnxx
PRIVMSG #xnxx :mode
MODE #xnxx 
mode #xnxx +t
TOPIC #xnxx :xnxx w dakchi
TOPIC #xnxx :xnxx w dakchi
mode #xnxx +o-t+l ebelfkih 100
New client connectedNew client connectedCAP LS 302
PASS 0000
NICK ebelfkih
USER ebelfkih 0 * :realname
pass 0000
nick mehdi
user ebe djd dd 
user dd dd ddd dd
join #xnxx mia
JOIN #xnxx mia
MODE #xnxx
WHO #xnxx
mode #xnxx +t
mode #xnxx +o-t+l ebelfkih,100
mode #xnxx +o ebelfkih
MODE #xnxx 
MODE #xnxx +t
New client connectedNew client connectedCAP LS 302
PASS 0000
NICK ebelfkih
USER ebelfkih 0 * :realname
pass 0000
nick mehdi
user jf f f f
join #xnxx mia
JOIN #xnxx mia
MODE #xnxx
WHO #xnxx
mode #xnxx +t
mode #xnxx +o ebelfkih
MODE #xnxx -t
MODE #xnxx -t
MODE #xnxx -t
TOPIC #xnxx :slm 
/mode #xnxx -o ebelfkih
mode #xnxx -o ebelfkih
TOPIC #xnxx :dekjnfekj
mode #xnxx +t
TOPIC #xnxx :xnxx w dakchi
New client connectedCAP LS 302
PASS 0000
NICK ebelfkih
USER ebelfkih 0 * :realname
New client connectedpass 0000
nick mehdi
user ff f f ff 
join #xnxx mia
JOIN #xnxx mia
MODE #xnxx
WHO #xnxx
mode #xnxx +mode #xnxx +o-t+t+l-i+i ebelfkih 100 
New client connectedCAP LS 302
PASS 0000
NICK ebelfkih
USER ebelfkih 0 * :realname
New client connectedpass 0000
nick mehdi
user f f f f
join #xnxx mia
mode #xnxx +o-t+l-o+i ebelfkih 100 ebelfkih
New client connectedCAP LS 302
PASS 0000
NICK ebelfkih
USER ebelfkih 0 * :realname
NICK ebelfkih_
JOIN #xnxx mia
NICK ebelfkih
NICK ebelfkih__
NICK koko
JOIN #xnxx mia
user d d d d
JOIN #xnxx mia
invite #xnxx koko
invite koko #xnxx
JOIN #xnxx
JOIN #xnxx mia
MODE #xnxx
WHO #xnxx
MODE #xnxx 
New client connectedCAP LS 302
PASS 0000
NICK ebelfkih
USER ebelfkih 0 * :realname
NICK ebelfkih_
QUIT :Leaving
New client connectedNew client connectedCAP LS 302
PASS 0000
NICK ebelfkih
USER ebelfkih 0 * :realname
New client connectedCAP LS 302
PASS 0000
NICK ebelfkih
USER ebelfkih 0 * :realname
NICK ebelfkih_
pass 0000
nick mehd
user d d d d d
user uu  u u u 
join #xnxx mia
New client connectedpass 0000
nick mehdi
user d d d d
join #xnxx moa
join #xnxx miaa
join #xnxx mia
mode #xnxx
mode +o ebelkih
mode #xnxx +o ebelfkih
mode #xnxx +o ebelfkih
New client connectedpass 0000
nick ebelfkih
nick ebelfkih_
nick ebelfkih1999
nick mehdiii
nick ebelfkih
nick ebelfkihh
nick ebelfkih___
join #xnxx mia
user ff f f f 
mode #xnxx
list #xnxx
JOIN #xnxx mia
MODE #xnxx
WHO #xnxx
join #xnxx mia
PRIVMSG mehd :wafin a3chiri
privmsg ebelfkih :wafin 
PRIVMSG #xnxx :wafin adrari
New client connectedCAP LS 302
PASS 0000
NICK ebelfkih
USER ebelfkih 0 * :realname
New client connectedCAP LS 302
PASS 0000
NICK ebelfkih
USER ebelfkih 0 * :realname
NICK ebelfkih_
JOIN #xnxx mia
MODE #xnxx
WHO #xnxx
QUIT :Leaving
New client connectedCAP LS 302
PASS 0000
NICK ebelfkih
USER ebelfkih 0 * :realname
New client connectedpass 0000
nick mehdi
user ebelfkih
user ff ff ff ff 
join #xnxx mia
mode #xnxx +o ebelfkih
New client connectedpass 0000
nick mehdi
nick ebelfkih
nick ebelfkih_
user ebelf

user ff f f f 
join #xnxx mia
mode #xnxx +o fatiha
New client connectedpass 0000
nick fatiha
New client connectedmode #xnxx +o fatiha 
mode #xnxx +o fatiha
pass 0000
nick fatiha
nick ebelfkih
New client connectedCAP LS 302
PASS 0000
NICK ebelfkih
USER ebelfkih 0 * :realname
New client connectedpass 0000
nick user 
nick ebelfkih
New client connectedpas 0000
pass 0000
nick mehdi
user dd dd d d 
New client connectedpass 0000
nick ebelfkih
New client connectedpass 0000
nick ebelfkih
join #xnxx mia
New client connectedpass 0000
nick ebelfkih
mode #xnxx +o ebelfkih
New client connectedpass 0000
nick ebelfkih
New client connectedCAP LS 302
PASS 0000
NICK ebelfkih
USER ebelfkih 0 * :realname
New client connectedmode #xnxx +o ebelfkih
JOIN #xnxx mia
MODE #xnxx
WHO #xnxx
New client connectedpass 0000
nick ebelfkih
nick ebelfkih_
user dd d d d
join #xnxx mia
nick fatiha
mode #xnxx
New client connectedpass 000
pass 0000
nick abdo
user d d f f
join abdo #xnxx
invit abdo #xnxx
invite abdo #xnxx
nick abdelali
join #xnxx
mode #xnxx +i
join #xnxx mia
New client connectedNew client connectedCAP LS 302
PASS 0000
NICK ebelfkih
USER ebelfkih 0 * :realname
pass 0000
nick mehdi
user d d d d
join #xnxx mia
join #pornhub ali
join #xvideo ana
New client connectedpass 0000
nick souhaila
user r f d d 
join #xnxx mia
join #pornhub ali
join #xvideo ana
New client connectedpass 0000
nick aya
user d d f j
join #xnxx mia
join #pornhub ali
join #xvideo ana
JOIN #xnxx mia
MODE #xnxx
WHO #xnxx
JOIN #pornhub ali
MODE #pornhub
WHO #pornhub
JOIN #xvideo ana
MODE #xvideo
WHO #xvideo
nick sakhri
